2017/07/13 08:28:30 [error] [system.db.CDbCommand] CDbCommand::fetchAll() failed: SQLSTATE[42S02]: Base table or view not found: 1146 Table 'testdrive.tbl_user' doesn't exist. The SQL statement executed was: SHOW FULL COLUMNS FROM `tbl_user`.
in D:\Burgess\xampp\htdocs\yii\testdrive\index.php (13)
2017/07/13 08:39:02 [error] [system.db.CDbCommand] CDbCommand::fetchAll() failed: SQLSTATE[42S02]: Base table or view not found: 1146 Table 'testdrive.tbl_user' doesn't exist. The SQL statement executed was: SHOW FULL COLUMNS FROM `tbl_user`.
in D:\Burgess\xampp\htdocs\yii\testdrive\index.php (13)
2017/07/13 09:05:45 [error] [exception.CException] exception 'CException' with message 'Property "CListView.dataProviders" is not defined.' in D:\Burgess\xampp\htdocs\yii\framework\base\CComponent.php:173
Stack trace:
#0 D:\Burgess\xampp\htdocs\yii\framework\web\CWidgetFactory.php(161): CComponent->__set('dataProviders', Object(CActiveDataProvider))
#1 D:\Burgess\xampp\htdocs\yii\framework\web\CBaseController.php(146): CWidgetFactory->createWidget(Object(UserController), 'zii.widgets.CLi...', Array)
#2 D:\Burgess\xampp\htdocs\yii\framework\web\CBaseController.php(181): CBaseController->createWidget('zii.widgets.CLi...', Array)
#3 D:\Burgess\xampp\htdocs\yii\testdrive\protected\views\user\index.php(20): CBaseController->widget('zii.widgets.CLi...', Array)
#4 D:\Burgess\xampp\htdocs\yii\framework\web\CBaseController.php(126): require('D:\\Burgess\\xamp...')
#5 D:\Burgess\xampp\htdocs\yii\framework\web\CBaseController.php(95): CBaseController->renderInternal('D:\\Burgess\\xamp...', Array, true)
#6 D:\Burgess\xampp\htdocs\yii\framework\web\CController.php(872): CBaseController->renderFile('D:\\Burgess\\xamp...', Array, true)
#7 D:\Burgess\xampp\htdocs\yii\framework\web\CController.php(785): CController->renderPartial('index', Array, true)
#8 D:\Burgess\xampp\htdocs\yii\testdrive\protected\controllers\UserController.php(128): CController->render('index', Array)
#9 D:\Burgess\xampp\htdocs\yii\framework\web\actions\CInlineAction.php(49): UserController->actionIndex()
#10 D:\Burgess\xampp\htdocs\yii\framework\web\CController.php(308): CInlineAction->runWithParams(Array)
#11 D:\Burgess\xampp\htdocs\yii\framework\web\filters\CFilterChain.php(134): CController->runAction(Object(CInlineAction))
#12 D:\Burgess\xampp\htdocs\yii\framework\web\filters\CFilter.php(40): CFilterChain->run()
#13 D:\Burgess\xampp\htdocs\yii\framework\web\CController.php(1148): CFilter->filter(Object(CFilterChain))
#14 D:\Burgess\xampp\htdocs\yii\framework\web\filters\CInlineFilter.php(58): CController->filterAccessControl(Object(CFilterChain))
#15 D:\Burgess\xampp\htdocs\yii\framework\web\filters\CFilterChain.php(131): CInlineFilter->filter(Object(CFilterChain))
#16 D:\Burgess\xampp\htdocs\yii\framework\web\CController.php(291): CFilterChain->run()
#17 D:\Burgess\xampp\htdocs\yii\framework\web\CController.php(265): CController->runActionWithFilters(Object(CInlineAction), Array)
#18 D:\Burgess\xampp\htdocs\yii\framework\web\CWebApplication.php(282): CController->run('')
#19 D:\Burgess\xampp\htdocs\yii\framework\web\CWebApplication.php(141): CWebApplication->runController('user')
#20 D:\Burgess\xampp\htdocs\yii\framework\base\CApplication.php(185): CWebApplication->processRequest()
#21 D:\Burgess\xampp\htdocs\yii\testdrive\index.php(13): CApplication->run()
#22 {main}
REQUEST_URI=/testdrive/index.php?r=user
---
2017/07/13 09:19:25 [error] [php] require(): Filename cannot be empty (D:\Burgess\xampp\htdocs\yii\framework\web\CBaseController.php:130)
Stack trace:
#0 D:\Burgess\xampp\htdocs\yii\framework\zii\widgets\CListView.php(291): UserController->renderFile()
#1 D:\Burgess\xampp\htdocs\yii\framework\zii\widgets\CBaseListView.php(181): CListView->renderItems()
#2 unknown(0): CListView->renderSection()
#3 D:\Burgess\xampp\htdocs\yii\framework\zii\widgets\CBaseListView.php(164): preg_replace_callback()
#4 D:\Burgess\xampp\htdocs\yii\framework\zii\widgets\CBaseListView.php(149): CListView->renderContent()
#5 D:\Burgess\xampp\htdocs\yii\framework\web\CBaseController.php(182): CListView->run()
#6 D:\Burgess\xampp\htdocs\yii\testdrive\protected\views\user\index.php(20): UserController->widget()
#7 D:\Burgess\xampp\htdocs\yii\framework\web\CBaseController.php(126): require()
#8 D:\Burgess\xampp\htdocs\yii\framework\web\CBaseController.php(95): UserController->renderInternal()
#9 D:\Burgess\xampp\htdocs\yii\framework\web\CController.php(872): UserController->renderFile()
#10 D:\Burgess\xampp\htdocs\yii\framework\web\CController.php(785): UserController->renderPartial()
#11 D:\Burgess\xampp\htdocs\yii\testdrive\protected\controllers\UserController.php(128): UserController->render()
#12 D:\Burgess\xampp\htdocs\yii\framework\web\actions\CInlineAction.php(49): UserController->actionIndex()
#13 D:\Burgess\xampp\htdocs\yii\framework\web\CController.php(308): CInlineAction->runWithParams()
#14 D:\Burgess\xampp\htdocs\yii\framework\web\filters\CFilterChain.php(134): UserController->runAction()
#15 D:\Burgess\xampp\htdocs\yii\framework\web\filters\CFilter.php(40): CFilterChain->run()
#16 D:\Burgess\xampp\htdocs\yii\framework\web\CController.php(1148): CAccessControlFilter->filter()
#17 D:\Burgess\xampp\htdocs\yii\framework\web\filters\CInlineFilter.php(58): UserController->filterAccessControl()
#18 D:\Burgess\xampp\htdocs\yii\framework\web\filters\CFilterChain.php(131): CInlineFilter->filter()
#19 D:\Burgess\xampp\htdocs\yii\framework\web\CController.php(291): CFilterChain->run()
#20 D:\Burgess\xampp\htdocs\yii\framework\web\CController.php(265): UserController->runActionWithFilters()
#21 D:\Burgess\xampp\htdocs\yii\framework\web\CWebApplication.php(282): UserController->run()
#22 D:\Burgess\xampp\htdocs\yii\framework\web\CWebApplication.php(141): CWebApplication->runController()
#23 D:\Burgess\xampp\htdocs\yii\framework\base\CApplication.php(185): CWebApplication->processRequest()
#24 D:\Burgess\xampp\htdocs\yii\testdrive\index.php(13): CWebApplication->run()
REQUEST_URI=/testdrive/index.php?r=user
in D:\Burgess\xampp\htdocs\yii\testdrive\protected\views\user\index.php (20)
in D:\Burgess\xampp\htdocs\yii\testdrive\protected\controllers\UserController.php (128)
in D:\Burgess\xampp\htdocs\yii\testdrive\index.php (13)
2017/07/13 09:21:40 [error] [php] require(): Filename cannot be empty (D:\Burgess\xampp\htdocs\yii\framework\web\CBaseController.php:130)
Stack trace:
#0 D:\Burgess\xampp\htdocs\yii\framework\zii\widgets\CListView.php(291): UserController->renderFile()
#1 D:\Burgess\xampp\htdocs\yii\framework\zii\widgets\CBaseListView.php(181): CListView->renderItems()
#2 unknown(0): CListView->renderSection()
#3 D:\Burgess\xampp\htdocs\yii\framework\zii\widgets\CBaseListView.php(164): preg_replace_callback()
#4 D:\Burgess\xampp\htdocs\yii\framework\zii\widgets\CBaseListView.php(149): CListView->renderContent()
#5 D:\Burgess\xampp\htdocs\yii\framework\web\CBaseController.php(182): CListView->run()
#6 D:\Burgess\xampp\htdocs\yii\testdrive\protected\views\user\index.php(20): UserController->widget()
#7 D:\Burgess\xampp\htdocs\yii\framework\web\CBaseController.php(126): require()
#8 D:\Burgess\xampp\htdocs\yii\framework\web\CBaseController.php(95): UserController->renderInternal()
#9 D:\Burgess\xampp\htdocs\yii\framework\web\CController.php(872): UserController->renderFile()
#10 D:\Burgess\xampp\htdocs\yii\framework\web\CController.php(785): UserController->renderPartial()
#11 D:\Burgess\xampp\htdocs\yii\testdrive\protected\controllers\UserController.php(128): UserController->render()
#12 D:\Burgess\xampp\htdocs\yii\framework\web\actions\CInlineAction.php(49): UserController->actionIndex()
#13 D:\Burgess\xampp\htdocs\yii\framework\web\CController.php(308): CInlineAction->runWithParams()
#14 D:\Burgess\xampp\htdocs\yii\framework\web\filters\CFilterChain.php(134): UserController->runAction()
#15 D:\Burgess\xampp\htdocs\yii\framework\web\filters\CFilter.php(40): CFilterChain->run()
#16 D:\Burgess\xampp\htdocs\yii\framework\web\CController.php(1148): CAccessControlFilter->filter()
#17 D:\Burgess\xampp\htdocs\yii\framework\web\filters\CInlineFilter.php(58): UserController->filterAccessControl()
#18 D:\Burgess\xampp\htdocs\yii\framework\web\filters\CFilterChain.php(131): CInlineFilter->filter()
#19 D:\Burgess\xampp\htdocs\yii\framework\web\CController.php(291): CFilterChain->run()
#20 D:\Burgess\xampp\htdocs\yii\framework\web\CController.php(265): UserController->runActionWithFilters()
#21 D:\Burgess\xampp\htdocs\yii\framework\web\CWebApplication.php(282): UserController->run()
#22 D:\Burgess\xampp\htdocs\yii\framework\web\CWebApplication.php(141): CWebApplication->runController()
#23 D:\Burgess\xampp\htdocs\yii\framework\base\CApplication.php(185): CWebApplication->processRequest()
#24 D:\Burgess\xampp\htdocs\yii\testdrive\index.php(13): CWebApplication->run()
REQUEST_URI=/testdrive/index.php?r=user
in D:\Burgess\xampp\htdocs\yii\testdrive\protected\views\user\index.php (20)
in D:\Burgess\xampp\htdocs\yii\testdrive\protected\controllers\UserController.php (128)
in D:\Burgess\xampp\htdocs\yii\testdrive\index.php (13)
2017/07/13 09:48:33 [error] [php] Missing argument 1 for UserController::loadModel(), called in D:\Burgess\xampp\htdocs\yii\testdrive\protected\controllers\UserController.php on line 54 and defined (D:\Burgess\xampp\htdocs\yii\testdrive\protected\controllers\UserController.php:154)
Stack trace:
#0 D:\Burgess\xampp\htdocs\yii\framework\web\actions\CAction.php(109): ReflectionMethod->invokeArgs()
#1 D:\Burgess\xampp\htdocs\yii\framework\web\actions\CInlineAction.php(47): CInlineAction->runWithParamsInternal()
#2 D:\Burgess\xampp\htdocs\yii\framework\web\CController.php(308): CInlineAction->runWithParams()
#3 D:\Burgess\xampp\htdocs\yii\framework\web\filters\CFilterChain.php(134): UserController->runAction()
#4 D:\Burgess\xampp\htdocs\yii\framework\web\filters\CFilter.php(40): CFilterChain->run()
#5 D:\Burgess\xampp\htdocs\yii\framework\web\CController.php(1148): CAccessControlFilter->filter()
#6 D:\Burgess\xampp\htdocs\yii\framework\web\filters\CInlineFilter.php(58): UserController->filterAccessControl()
#7 D:\Burgess\xampp\htdocs\yii\framework\web\filters\CFilterChain.php(131): CInlineFilter->filter()
#8 D:\Burgess\xampp\htdocs\yii\framework\web\CController.php(291): CFilterChain->run()
#9 D:\Burgess\xampp\htdocs\yii\framework\web\CController.php(265): UserController->runActionWithFilters()
#10 D:\Burgess\xampp\htdocs\yii\framework\web\CWebApplication.php(282): UserController->run()
#11 D:\Burgess\xampp\htdocs\yii\framework\web\CWebApplication.php(141): CWebApplication->runController()
#12 D:\Burgess\xampp\htdocs\yii\framework\base\CApplication.php(185): CWebApplication->processRequest()
#13 D:\Burgess\xampp\htdocs\yii\testdrive\index.php(13): CWebApplication->run()
REQUEST_URI=/testdrive/index.php?r=user/view&id=1
in D:\Burgess\xampp\htdocs\yii\testdrive\protected\controllers\UserController.php (154)
in D:\Burgess\xampp\htdocs\yii\testdrive\protected\controllers\UserController.php (54)
in D:\Burgess\xampp\htdocs\yii\testdrive\index.php (13)
